<!DOCTYPE html>

<html>
  <head>
  <meta charset='utf-8'>
  <title>TestNG reports</title>

    <link type="text/css" href="testng-reports.css" rel="stylesheet" />
    <script type="text/javascript" src="jquery-1.7.1.min.js"></script>
    <script type="text/javascript" src="testng-reports.js"></script>
    <script type="text/javascript" src="https://www.google.com/jsapi"></script>
    <script type='text/javascript'>
      google.load('visualization', '1', {packages:['table']});
      google.setOnLoadCallback(drawTable);
      var suiteTableInitFunctions = new Array();
      var suiteTableData = new Array();
    </script>
    <!--
      <script type="text/javascript" src="jquery-ui/js/jquery-ui-1.8.16.custom.min.js"></script>
     -->
  </head>

  <body>
    <div class="top-banner-root">
      <span class="top-banner-title-font">Test results</span>
      <br/>
      <span class="top-banner-font-1">1 suite</span>
    </div> <!-- top-banner-root -->
    <div class="navigator-root">
      <div class="navigator-suite-header">
        <span>All suites</span>
        <a href="#" title="Collapse/expand all the suites" class="collapse-all-link">
          <img src="collapseall.gif" class="collapse-all-icon">
          </img> <!-- collapse-all-icon -->
        </a> <!-- collapse-all-link -->
      </div> <!-- navigator-suite-header -->
      <div class="suite">
        <div class="rounded-window">
          <div class="suite-header light-rounded-window-top">
            <a href="#" panel-name="suite-ECommerce_Website_Test_Automation_Suite" class="navigator-link">
              <span class="suite-name border-skipped">ECommerce Website Test Automation Suite</span>
            </a> <!-- navigator-link -->
          </div> <!-- suite-header light-rounded-window-top -->
          <div class="navigator-suite-content">
            <div class="suite-section-title">
              <span>Info</span>
            </div> <!-- suite-section-title -->
            <div class="suite-section-content">
              <ul>
                <li>
                  <a href="#" panel-name="test-xml-ECommerce_Website_Test_Automation_Suite" class="navigator-link ">
                    <span>C:\Users\pkshank\eclipse-workspace\ECommerce_Test_Suite\src\main\resources\testng.xml</span>
                  </a> <!-- navigator-link  -->
                </li>
                <li>
                  <a href="#" panel-name="testlist-ECommerce_Website_Test_Automation_Suite" class="navigator-link ">
                    <span class="test-stats">1 test</span>
                  </a> <!-- navigator-link  -->
                </li>
                <li>
                  <a href="#" panel-name="group-ECommerce_Website_Test_Automation_Suite" class="navigator-link ">
                    <span>0 groups</span>
                  </a> <!-- navigator-link  -->
                </li>
                <li>
                  <a href="#" panel-name="times-ECommerce_Website_Test_Automation_Suite" class="navigator-link ">
                    <span>Times</span>
                  </a> <!-- navigator-link  -->
                </li>
                <li>
                  <a href="#" panel-name="reporter-ECommerce_Website_Test_Automation_Suite" class="navigator-link ">
                    <span>Reporter output</span>
                  </a> <!-- navigator-link  -->
                </li>
                <li>
                  <a href="#" panel-name="ignored-methods-ECommerce_Website_Test_Automation_Suite" class="navigator-link ">
                    <span>Ignored methods</span>
                  </a> <!-- navigator-link  -->
                </li>
                <li>
                  <a href="#" panel-name="chronological-ECommerce_Website_Test_Automation_Suite" class="navigator-link ">
                    <span>Chronological view</span>
                  </a> <!-- navigator-link  -->
                </li>
              </ul>
            </div> <!-- suite-section-content -->
            <div class="result-section">
              <div class="suite-section-title">
                <span>Results</span>
              </div> <!-- suite-section-title -->
              <div class="suite-section-content">
                <ul>
                  <li>
                    <span class="method-stats">11 methods,  4 skipped,  7 passed</span>
                  </li>
                  <li>
                    <span class="method-list-title skipped">Skipped methods</span>
                    <span class="show-or-hide-methods skipped">
                      <a href="#" panel-name="suite-ECommerce_Website_Test_Automation_Suite" class="hide-methods skipped suite-ECommerce_Website_Test_Automation_Suite"> (hide)</a> <!-- hide-methods skipped suite-ECommerce_Website_Test_Automation_Suite -->
                      <a href="#" panel-name="suite-ECommerce_Website_Test_Automation_Suite" class="show-methods skipped suite-ECommerce_Website_Test_Automation_Suite"> (show)</a> <!-- show-methods skipped suite-ECommerce_Website_Test_Automation_Suite -->
                    </span>
                    <div class="method-list-content skipped suite-ECommerce_Website_Test_Automation_Suite">
                      <span>
                        <img src="skipped.png" width="3%"/>
                        <a href="#" panel-name="suite-ECommerce_Website_Test_Automation_Suite" title="com.ecom.qa.testcases.BillingInformationPageTest" class="method navigator-link" hash-for-method="isOrderNumberGenerated">isOrderNumberGenerated</a> <!-- method navigator-link -->
                      </span>
                      <br/>
                      <span>
                        <img src="skipped.png" width="3%"/>
                        <a href="#" panel-name="suite-ECommerce_Website_Test_Automation_Suite" title="com.ecom.qa.testcases.ShoppingCartPageTest" class="method navigator-link" hash-for-method="isShippingCostGenerated">isShippingCostGenerated</a> <!-- method navigator-link -->
                      </span>
                      <br/>
                      <span>
                        <img src="skipped.png" width="3%"/>
                        <a href="#" panel-name="suite-ECommerce_Website_Test_Automation_Suite" title="com.ecom.qa.testcases.ShoppingCartPageTest" class="method navigator-link" hash-for-method="validateGrandTotal">validateGrandTotal</a> <!-- method navigator-link -->
                      </span>
                      <br/>
                      <span>
                        <img src="skipped.png" width="3%"/>
                        <a href="#" panel-name="suite-ECommerce_Website_Test_Automation_Suite" title="com.ecom.qa.testcases.CompareProductsPageTest" class="method navigator-link" hash-for-method="validatePopUpMessageTest">validatePopUpMessageTest</a> <!-- method navigator-link -->
                      </span>
                      <br/>
                    </div> <!-- method-list-content skipped suite-ECommerce_Website_Test_Automation_Suite -->
                  </li>
                  <li>
                    <span class="method-list-title passed">Passed methods</span>
                    <span class="show-or-hide-methods passed">
                      <a href="#" panel-name="suite-ECommerce_Website_Test_Automation_Suite" class="hide-methods passed suite-ECommerce_Website_Test_Automation_Suite"> (hide)</a> <!-- hide-methods passed suite-ECommerce_Website_Test_Automation_Suite -->
                      <a href="#" panel-name="suite-ECommerce_Website_Test_Automation_Suite" class="show-methods passed suite-ECommerce_Website_Test_Automation_Suite"> (show)</a> <!-- show-methods passed suite-ECommerce_Website_Test_Automation_Suite -->
                    </span>
                    <div class="method-list-content passed suite-ECommerce_Website_Test_Automation_Suite">
                      <span>
                        <img src="passed.png" width="3%"/>
                        <a href="#" panel-name="suite-ECommerce_Website_Test_Automation_Suite" title="com.ecom.qa.testcases.ApplicationHomePageTest" class="method navigator-link" hash-for-method="appHomePageTitleTest">appHomePageTitleTest</a> <!-- method navigator-link -->
                      </span>
                      <br/>
                      <span>
                        <img src="passed.png" width="3%"/>
                        <a href="#" panel-name="suite-ECommerce_Website_Test_Automation_Suite" title="com.ecom.qa.testcases.MobileHomePageTest" class="method navigator-link" hash-for-method="checkMaxItemsCartTest">checkMaxItemsCartTest</a> <!-- method navigator-link -->
                      </span>
                      <br/>
                      <span>
                        <img src="passed.png" width="3%"/>
                        <a href="#" panel-name="suite-ECommerce_Website_Test_Automation_Suite" title="com.ecom.qa.testcases.MobileHomePageTest" class="method navigator-link" hash-for-method="mobilePageTitleTest">mobilePageTitleTest</a> <!-- method navigator-link -->
                      </span>
                      <br/>
                      <span>
                        <img src="passed.png" width="3%"/>
                        <a href="#" panel-name="suite-ECommerce_Website_Test_Automation_Suite" title="com.ecom.qa.testcases.MobileHomePageTest" class="method navigator-link" hash-for-method="phonePriceTest">phonePriceTest</a> <!-- method navigator-link -->
                      </span>
                      <br/>
                      <span>
                        <img src="passed.png" width="3%"/>
                        <a href="#" panel-name="suite-ECommerce_Website_Test_Automation_Suite" title="com.ecom.qa.testcases.MobileHomePageTest" class="method navigator-link" hash-for-method="validateMobileNameSortTest">validateMobileNameSortTest</a> <!-- method navigator-link -->
                      </span>
                      <br/>
                      <span>
                        <img src="passed.png" width="3%"/>
                        <a href="#" panel-name="suite-ECommerce_Website_Test_Automation_Suite" title="com.ecom.qa.testcases.CompareProductsPageTest" class="method navigator-link" hash-for-method="validatePopUpMessageTest">validatePopUpMessageTest</a> <!-- method navigator-link -->
                      </span>
                      <br/>
                      <span>
                        <img src="passed.png" width="3%"/>
                        <a href="#" panel-name="suite-ECommerce_Website_Test_Automation_Suite" title="com.ecom.qa.testcases.WishlistPageTest" class="method navigator-link" hash-for-method="wishlistSharedTest">wishlistSharedTest</a> <!-- method navigator-link -->
                      </span>
                      <br/>
                    </div> <!-- method-list-content passed suite-ECommerce_Website_Test_Automation_Suite -->
                  </li>
                </ul>
              </div> <!-- suite-section-content -->
            </div> <!-- result-section -->
          </div> <!-- navigator-suite-content -->
        </div> <!-- rounded-window -->
      </div> <!-- suite -->
    </div> <!-- navigator-root -->
    <div class="wrapper">
      <div class="main-panel-root">
        <div panel-name="suite-ECommerce_Website_Test_Automation_Suite" class="panel ECommerce_Website_Test_Automation_Suite">
          <div class="suite-ECommerce_Website_Test_Automation_Suite-class-skipped">
            <div class="main-panel-header rounded-window-top">
              <img src="skipped.png"/>
              <span class="class-name">com.ecom.qa.testcases.BillingInformationPageTest</span>
            </div> <!-- main-panel-header rounded-window-top -->
            <div class="main-panel-content rounded-window-bottom">
              <div class="method">
                <div class="method-content">
                  <a name="isOrderNumberGenerated">
                  </a> <!-- isOrderNumberGenerated -->
                  <span class="method-name">isOrderNumberGenerated</span>
                  <div class="stack-trace">org.openqa.selenium.NoSuchElementException: no such element: Unable to locate element: {&quot;method&quot;:&quot;xpath&quot;,&quot;selector&quot;:&quot;//button[@title=&apos;Add to Cart&apos;]&quot;}
  (Session info: chrome=80.0.3987.116)
For documentation on this error, please visit: http://seleniumhq.org/exceptions/no_such_element.html
Build info: version: &apos;3.14.0&apos;, revision: &apos;aacccce0&apos;, time: &apos;2018-08-02T20:19:58.91Z&apos;
System info: host: &apos;WKWIN5154091&apos;, ip: &apos;10.207.184.203&apos;, os.name: &apos;Windows 10&apos;, os.arch: &apos;amd64&apos;, os.version: &apos;10.0&apos;, java.version: &apos;12.0.2&apos;
Driver info: org.openqa.selenium.chrome.ChromeDriver
Capabilities {acceptInsecureCerts: false, browserName: chrome, browserVersion: 80.0.3987.116, chrome: {chromedriverVersion: 80.0.3987.106 (f68069574609..., userDataDir: C:\Users\pkshank\AppData\Lo...}, goog:chromeOptions: {debuggerAddress: localhost:65125}, javascriptEnabled: true, networkConnectionEnabled: false, pageLoadStrategy: normal, platform: WINDOWS, platformName: WINDOWS, proxy: Proxy(), setWindowRect: true, strictFileInteractability: false, timeouts: {implicit: 0, pageLoad: 300000, script: 30000}, unhandledPromptBehavior: dismiss and notify}
Session ID: 0e84418125d3d461cbfe36921a06f9af
*** Element info: {Using=xpath, value=//button[@title=&apos;Add to Cart&apos;]}
	at org.openqa.selenium.remote.http.W3CHttpResponseCodec.createException(W3CHttpResponseCodec.java:187)
	at org.openqa.selenium.remote.http.W3CHttpResponseCodec.decode(W3CHttpResponseCodec.java:122)
	at org.openqa.selenium.remote.http.W3CHttpResponseCodec.decode(W3CHttpResponseCodec.java:49)
	at org.openqa.selenium.remote.HttpCommandExecutor.execute(HttpCommandExecutor.java:158)
	at org.openqa.selenium.remote.service.DriverCommandExecutor.execute(DriverCommandExecutor.java:83)
	at org.openqa.selenium.remote.RemoteWebDriver.execute(RemoteWebDriver.java:548)
	at org.openqa.selenium.remote.RemoteWebDriver.findElement(RemoteWebDriver.java:322)
	at org.openqa.selenium.remote.RemoteWebDriver.findElementByXPath(RemoteWebDriver.java:424)
	at org.openqa.selenium.By$ByXPath.findElement(By.java:353)
	at org.openqa.selenium.remote.RemoteWebDriver.findElement(RemoteWebDriver.java:314)
	at org.openqa.selenium.support.events.EventFiringWebDriver.lambda$new$1(EventFiringWebDriver.java:105)
	at com.sun.proxy.$Proxy21.findElement(Unknown Source)
	at org.openqa.selenium.support.events.EventFiringWebDriver.findElement(EventFiringWebDriver.java:194)
	at org.openqa.selenium.support.pagefactory.DefaultElementLocator.findElement(DefaultElementLocator.java:69)
	at org.openqa.selenium.support.pagefactory.internal.LocatingElementHandler.invoke(LocatingElementHandler.java:38)
	at com.sun.proxy.$Proxy24.click(Unknown Source)
	at com.ecom.qa.pages.WishlistPage.clickAddToCart(WishlistPage.java:59)
	at com.ecom.qa.testcases.BillingInformationPageTest.setUp(BillingInformationPageTest.java:56)
... Removed 35 stack frames
</div> <!-- stack-trace -->
                  <em>
(Validate that the order number is generated)                  </em>
                </div> <!-- method-content -->
              </div> <!-- method -->
            </div> <!-- main-panel-content rounded-window-bottom -->
          </div> <!-- suite-ECommerce_Website_Test_Automation_Suite-class-skipped -->
          <div class="suite-ECommerce_Website_Test_Automation_Suite-class-skipped">
            <div class="main-panel-header rounded-window-top">
              <img src="skipped.png"/>
              <span class="class-name">com.ecom.qa.testcases.CompareProductsPageTest</span>
            </div> <!-- main-panel-header rounded-window-top -->
            <div class="main-panel-content rounded-window-bottom">
              <div class="method">
                <div class="method-content">
                  <a name="validatePopUpMessageTest">
                  </a> <!-- validatePopUpMessageTest -->
                  <span class="method-name">validatePopUpMessageTest</span>
                  <div class="stack-trace">org.openqa.selenium.NoSuchElementException: no such element: Unable to locate element: {&quot;method&quot;:&quot;xpath&quot;,&quot;selector&quot;:&quot;//button[@title=&apos;Compare&apos;]&quot;}
  (Session info: chrome=80.0.3987.116)
For documentation on this error, please visit: http://seleniumhq.org/exceptions/no_such_element.html
Build info: version: &apos;3.14.0&apos;, revision: &apos;aacccce0&apos;, time: &apos;2018-08-02T20:19:58.91Z&apos;
System info: host: &apos;WKWIN5154091&apos;, ip: &apos;10.207.184.203&apos;, os.name: &apos;Windows 10&apos;, os.arch: &apos;amd64&apos;, os.version: &apos;10.0&apos;, java.version: &apos;12.0.2&apos;
Driver info: org.openqa.selenium.chrome.ChromeDriver
Capabilities {acceptInsecureCerts: false, browserName: chrome, browserVersion: 80.0.3987.116, chrome: {chromedriverVersion: 80.0.3987.106 (f68069574609..., userDataDir: C:\Users\pkshank\AppData\Lo...}, goog:chromeOptions: {debuggerAddress: localhost:65219}, javascriptEnabled: true, networkConnectionEnabled: false, pageLoadStrategy: normal, platform: WINDOWS, platformName: WINDOWS, proxy: Proxy(), setWindowRect: true, strictFileInteractability: false, timeouts: {implicit: 0, pageLoad: 300000, script: 30000}, unhandledPromptBehavior: dismiss and notify}
Session ID: ce21f452a130a41071f15b0aff8fab5a
*** Element info: {Using=xpath, value=//button[@title=&apos;Compare&apos;]}
	at org.openqa.selenium.remote.http.W3CHttpResponseCodec.createException(W3CHttpResponseCodec.java:187)
	at org.openqa.selenium.remote.http.W3CHttpResponseCodec.decode(W3CHttpResponseCodec.java:122)
	at org.openqa.selenium.remote.http.W3CHttpResponseCodec.decode(W3CHttpResponseCodec.java:49)
	at org.openqa.selenium.remote.HttpCommandExecutor.execute(HttpCommandExecutor.java:158)
	at org.openqa.selenium.remote.service.DriverCommandExecutor.execute(DriverCommandExecutor.java:83)
	at org.openqa.selenium.remote.RemoteWebDriver.execute(RemoteWebDriver.java:548)
	at org.openqa.selenium.remote.RemoteWebDriver.findElement(RemoteWebDriver.java:322)
	at org.openqa.selenium.remote.RemoteWebDriver.findElementByXPath(RemoteWebDriver.java:424)
	at org.openqa.selenium.By$ByXPath.findElement(By.java:353)
	at org.openqa.selenium.remote.RemoteWebDriver.findElement(RemoteWebDriver.java:314)
	at org.openqa.selenium.support.events.EventFiringWebDriver.lambda$new$1(EventFiringWebDriver.java:105)
	at com.sun.proxy.$Proxy21.findElement(Unknown Source)
	at org.openqa.selenium.support.events.EventFiringWebDriver.findElement(EventFiringWebDriver.java:194)
	at org.openqa.selenium.support.pagefactory.DefaultElementLocator.findElement(DefaultElementLocator.java:69)
	at org.openqa.selenium.support.pagefactory.internal.LocatingElementHandler.invoke(LocatingElementHandler.java:38)
	at com.sun.proxy.$Proxy24.click(Unknown Source)
	at com.ecom.qa.pages.MobileHomePage.clickCompareBtn(MobileHomePage.java:124)
	at com.ecom.qa.testcases.CompareProductsPageTest.validatePopUpMessageTest(CompareProductsPageTest.java:53)
... Removed 33 stack frames
</div> <!-- stack-trace -->
                  <em>
(Validate phone compare feature)                  </em>
                </div> <!-- method-content -->
              </div> <!-- method -->
            </div> <!-- main-panel-content rounded-window-bottom -->
          </div> <!-- suite-ECommerce_Website_Test_Automation_Suite-class-skipped -->
          <div class="suite-ECommerce_Website_Test_Automation_Suite-class-skipped">
            <div class="main-panel-header rounded-window-top">
              <img src="skipped.png"/>
              <span class="class-name">com.ecom.qa.testcases.ShoppingCartPageTest</span>
            </div> <!-- main-panel-header rounded-window-top -->
            <div class="main-panel-content rounded-window-bottom">
              <div class="method">
                <div class="method-content">
                  <a name="isShippingCostGenerated">
                  </a> <!-- isShippingCostGenerated -->
                  <span class="method-name">isShippingCostGenerated</span>
                  <div class="stack-trace">org.openqa.selenium.NoSuchElementException: no such element: Unable to locate element: {&quot;method&quot;:&quot;xpath&quot;,&quot;selector&quot;:&quot;//button[@title=&apos;Add to Cart&apos;]&quot;}
  (Session info: chrome=80.0.3987.116)
For documentation on this error, please visit: http://seleniumhq.org/exceptions/no_such_element.html
Build info: version: &apos;3.14.0&apos;, revision: &apos;aacccce0&apos;, time: &apos;2018-08-02T20:19:58.91Z&apos;
System info: host: &apos;WKWIN5154091&apos;, ip: &apos;10.207.184.203&apos;, os.name: &apos;Windows 10&apos;, os.arch: &apos;amd64&apos;, os.version: &apos;10.0&apos;, java.version: &apos;12.0.2&apos;
Driver info: org.openqa.selenium.chrome.ChromeDriver
Capabilities {acceptInsecureCerts: false, browserName: chrome, browserVersion: 80.0.3987.116, chrome: {chromedriverVersion: 80.0.3987.106 (f68069574609..., userDataDir: C:\Users\pkshank\AppData\Lo...}, goog:chromeOptions: {debuggerAddress: localhost:65059}, javascriptEnabled: true, networkConnectionEnabled: false, pageLoadStrategy: normal, platform: WINDOWS, platformName: WINDOWS, proxy: Proxy(), setWindowRect: true, strictFileInteractability: false, timeouts: {implicit: 0, pageLoad: 300000, script: 30000}, unhandledPromptBehavior: dismiss and notify}
Session ID: f2ebdccc849c5b10d7e9f256aa87fe37
*** Element info: {Using=xpath, value=//button[@title=&apos;Add to Cart&apos;]}
	at org.openqa.selenium.remote.http.W3CHttpResponseCodec.createException(W3CHttpResponseCodec.java:187)
	at org.openqa.selenium.remote.http.W3CHttpResponseCodec.decode(W3CHttpResponseCodec.java:122)
	at org.openqa.selenium.remote.http.W3CHttpResponseCodec.decode(W3CHttpResponseCodec.java:49)
	at org.openqa.selenium.remote.HttpCommandExecutor.execute(HttpCommandExecutor.java:158)
	at org.openqa.selenium.remote.service.DriverCommandExecutor.execute(DriverCommandExecutor.java:83)
	at org.openqa.selenium.remote.RemoteWebDriver.execute(RemoteWebDriver.java:548)
	at org.openqa.selenium.remote.RemoteWebDriver.findElement(RemoteWebDriver.java:322)
	at org.openqa.selenium.remote.RemoteWebDriver.findElementByXPath(RemoteWebDriver.java:424)
	at org.openqa.selenium.By$ByXPath.findElement(By.java:353)
	at org.openqa.selenium.remote.RemoteWebDriver.findElement(RemoteWebDriver.java:314)
	at org.openqa.selenium.support.events.EventFiringWebDriver.lambda$new$1(EventFiringWebDriver.java:105)
	at com.sun.proxy.$Proxy21.findElement(Unknown Source)
	at org.openqa.selenium.support.events.EventFiringWebDriver.findElement(EventFiringWebDriver.java:194)
	at org.openqa.selenium.support.pagefactory.DefaultElementLocator.findElement(DefaultElementLocator.java:69)
	at org.openqa.selenium.support.pagefactory.internal.LocatingElementHandler.invoke(LocatingElementHandler.java:38)
	at com.sun.proxy.$Proxy24.click(Unknown Source)
	at com.ecom.qa.pages.WishlistPage.clickAddToCart(WishlistPage.java:59)
	at com.ecom.qa.testcases.ShoppingCartPageTest.setUp(ShoppingCartPageTest.java:53)
... Removed 35 stack frames
</div> <!-- stack-trace -->
                  <em>
(Validate that shipping cost is generated)                  </em>
                </div> <!-- method-content -->
              </div> <!-- method -->
              <div class="method">
                <div class="method-content">
                  <a name="validateGrandTotal">
                  </a> <!-- validateGrandTotal -->
                  <span class="method-name">validateGrandTotal</span>
                  <div class="stack-trace">org.openqa.selenium.NoSuchElementException: no such element: Unable to locate element: {&quot;method&quot;:&quot;xpath&quot;,&quot;selector&quot;:&quot;//button[@title=&apos;Add to Cart&apos;]&quot;}
  (Session info: chrome=80.0.3987.116)
For documentation on this error, please visit: http://seleniumhq.org/exceptions/no_such_element.html
Build info: version: &apos;3.14.0&apos;, revision: &apos;aacccce0&apos;, time: &apos;2018-08-02T20:19:58.91Z&apos;
System info: host: &apos;WKWIN5154091&apos;, ip: &apos;10.207.184.203&apos;, os.name: &apos;Windows 10&apos;, os.arch: &apos;amd64&apos;, os.version: &apos;10.0&apos;, java.version: &apos;12.0.2&apos;
Driver info: org.openqa.selenium.chrome.ChromeDriver
Capabilities {acceptInsecureCerts: false, browserName: chrome, browserVersion: 80.0.3987.116, chrome: {chromedriverVersion: 80.0.3987.106 (f68069574609..., userDataDir: C:\Users\pkshank\AppData\Lo...}, goog:chromeOptions: {debuggerAddress: localhost:65059}, javascriptEnabled: true, networkConnectionEnabled: false, pageLoadStrategy: normal, platform: WINDOWS, platformName: WINDOWS, proxy: Proxy(), setWindowRect: true, strictFileInteractability: false, timeouts: {implicit: 0, pageLoad: 300000, script: 30000}, unhandledPromptBehavior: dismiss and notify}
Session ID: f2ebdccc849c5b10d7e9f256aa87fe37
*** Element info: {Using=xpath, value=//button[@title=&apos;Add to Cart&apos;]}
	at org.openqa.selenium.remote.http.W3CHttpResponseCodec.createException(W3CHttpResponseCodec.java:187)
	at org.openqa.selenium.remote.http.W3CHttpResponseCodec.decode(W3CHttpResponseCodec.java:122)
	at org.openqa.selenium.remote.http.W3CHttpResponseCodec.decode(W3CHttpResponseCodec.java:49)
	at org.openqa.selenium.remote.HttpCommandExecutor.execute(HttpCommandExecutor.java:158)
	at org.openqa.selenium.remote.service.DriverCommandExecutor.execute(DriverCommandExecutor.java:83)
	at org.openqa.selenium.remote.RemoteWebDriver.execute(RemoteWebDriver.java:548)
	at org.openqa.selenium.remote.RemoteWebDriver.findElement(RemoteWebDriver.java:322)
	at org.openqa.selenium.remote.RemoteWebDriver.findElementByXPath(RemoteWebDriver.java:424)
	at org.openqa.selenium.By$ByXPath.findElement(By.java:353)
	at org.openqa.selenium.remote.RemoteWebDriver.findElement(RemoteWebDriver.java:314)
	at org.openqa.selenium.support.events.EventFiringWebDriver.lambda$new$1(EventFiringWebDriver.java:105)
	at com.sun.proxy.$Proxy21.findElement(Unknown Source)
	at org.openqa.selenium.support.events.EventFiringWebDriver.findElement(EventFiringWebDriver.java:194)
	at org.openqa.selenium.support.pagefactory.DefaultElementLocator.findElement(DefaultElementLocator.java:69)
	at org.openqa.selenium.support.pagefactory.internal.LocatingElementHandler.invoke(LocatingElementHandler.java:38)
	at com.sun.proxy.$Proxy24.click(Unknown Source)
	at com.ecom.qa.pages.WishlistPage.clickAddToCart(WishlistPage.java:59)
	at com.ecom.qa.testcases.ShoppingCartPageTest.setUp(ShoppingCartPageTest.java:53)
... Removed 35 stack frames
</div> <!-- stack-trace -->
                  <em>
(Validate grand total)                  </em>
                </div> <!-- method-content -->
              </div> <!-- method -->
            </div> <!-- main-panel-content rounded-window-bottom -->
          </div> <!-- suite-ECommerce_Website_Test_Automation_Suite-class-skipped -->
          <div class="suite-ECommerce_Website_Test_Automation_Suite-class-passed">
            <div class="main-panel-header rounded-window-top">
              <img src="passed.png"/>
              <span class="class-name">com.ecom.qa.testcases.ApplicationHomePageTest</span>
            </div> <!-- main-panel-header rounded-window-top -->
            <div class="main-panel-content rounded-window-bottom">
              <div class="method">
                <div class="method-content">
                  <a name="appHomePageTitleTest">
                  </a> <!-- appHomePageTitleTest -->
                  <span class="method-name">appHomePageTitleTest</span>
                  <em>
(Verify home page title test)                  </em>
                </div> <!-- method-content -->
              </div> <!-- method -->
            </div> <!-- main-panel-content rounded-window-bottom -->
          </div> <!-- suite-ECommerce_Website_Test_Automation_Suite-class-passed -->
          <div class="suite-ECommerce_Website_Test_Automation_Suite-class-passed">
            <div class="main-panel-header rounded-window-top">
              <img src="passed.png"/>
              <span class="class-name">com.ecom.qa.testcases.MobileHomePageTest</span>
            </div> <!-- main-panel-header rounded-window-top -->
            <div class="main-panel-content rounded-window-bottom">
              <div class="method">
                <div class="method-content">
                  <a name="checkMaxItemsCartTest">
                  </a> <!-- checkMaxItemsCartTest -->
                  <span class="method-name">checkMaxItemsCartTest</span>
                  <em>
(Verify error message when items in cart exceed maximum permissible limit)                  </em>
                </div> <!-- method-content -->
              </div> <!-- method -->
              <div class="method">
                <div class="method-content">
                  <a name="mobilePageTitleTest">
                  </a> <!-- mobilePageTitleTest -->
                  <span class="method-name">mobilePageTitleTest</span>
                  <em>
(Validate mobile page title)                  </em>
                </div> <!-- method-content -->
              </div> <!-- method -->
              <div class="method">
                <div class="method-content">
                  <a name="phonePriceTest">
                  </a> <!-- phonePriceTest -->
                  <span class="method-name">phonePriceTest</span>
                  <em>
(Verify mobile price)                  </em>
                </div> <!-- method-content -->
              </div> <!-- method -->
              <div class="method">
                <div class="method-content">
                  <a name="validateMobileNameSortTest">
                  </a> <!-- validateMobileNameSortTest -->
                  <span class="method-name">validateMobileNameSortTest</span>
                  <em>
(Verify mobile name sorting feature)                  </em>
                </div> <!-- method-content -->
              </div> <!-- method -->
            </div> <!-- main-panel-content rounded-window-bottom -->
          </div> <!-- suite-ECommerce_Website_Test_Automation_Suite-class-passed -->
          <div class="suite-ECommerce_Website_Test_Automation_Suite-class-passed">
            <div class="main-panel-header rounded-window-top">
              <img src="passed.png"/>
              <span class="class-name">com.ecom.qa.testcases.CompareProductsPageTest</span>
            </div> <!-- main-panel-header rounded-window-top -->
            <div class="main-panel-content rounded-window-bottom">
              <div class="method">
                <div class="method-content">
                  <a name="validatePopUpMessageTest">
                  </a> <!-- validatePopUpMessageTest -->
                  <span class="method-name">validatePopUpMessageTest</span>
                  <em>
(Validate phone compare feature)                  </em>
                </div> <!-- method-content -->
              </div> <!-- method -->
            </div> <!-- main-panel-content rounded-window-bottom -->
          </div> <!-- suite-ECommerce_Website_Test_Automation_Suite-class-passed -->
          <div class="suite-ECommerce_Website_Test_Automation_Suite-class-passed">
            <div class="main-panel-header rounded-window-top">
              <img src="passed.png"/>
              <span class="class-name">com.ecom.qa.testcases.WishlistPageTest</span>
            </div> <!-- main-panel-header rounded-window-top -->
            <div class="main-panel-content rounded-window-bottom">
              <div class="method">
                <div class="method-content">
                  <a name="wishlistSharedTest">
                  </a> <!-- wishlistSharedTest -->
                  <span class="method-name">wishlistSharedTest</span>
                  <em>
(Verify wishlist share feature)                  </em>
                </div> <!-- method-content -->
              </div> <!-- method -->
            </div> <!-- main-panel-content rounded-window-bottom -->
          </div> <!-- suite-ECommerce_Website_Test_Automation_Suite-class-passed -->
        </div> <!-- panel ECommerce_Website_Test_Automation_Suite -->
        <div panel-name="test-xml-ECommerce_Website_Test_Automation_Suite" class="panel">
          <div class="main-panel-header rounded-window-top">
            <span class="header-content">C:\Users\pkshank\eclipse-workspace\ECommerce_Test_Suite\src\main\resources\testng.xml</span>
          </div> <!-- main-panel-header rounded-window-top -->
          <div class="main-panel-content rounded-window-bottom">
            <pre>
&lt;?xml version=&quot;1.0&quot; encoding=&quot;UTF-8&quot;?&gt;
&lt;!DOCTYPE suite SYSTEM &quot;http://testng.org/testng-1.0.dtd&quot;&gt;
&lt;suite name=&quot;ECommerce Website Test Automation Suite&quot; guice-stage=&quot;DEVELOPMENT&quot;&gt;
  &lt;parameter name=&quot;password&quot; value=&quot;a27@email.com&quot;/&gt;
  &lt;parameter name=&quot;emailId&quot; value=&quot;a27@email.com&quot;/&gt;
  &lt;listeners&gt;
    &lt;listener class-name=&quot;com.ecom.qa.listener.ExtentReporterListener&quot;/&gt;
    &lt;listener class-name=&quot;com.ecom.qa.listener.IAnnotationTransformerListener&quot;/&gt;
    &lt;listener class-name=&quot;com.ecom.qa.listener.TestListener&quot;/&gt;
  &lt;/listeners&gt;
  &lt;test name=&quot;ECommerce Test&quot;&gt;
    &lt;classes&gt;
      &lt;class name=&quot;com.ecom.qa.testcases.MobileHomePageTest&quot;/&gt;
      &lt;class name=&quot;com.ecom.qa.testcases.ApplicationHomePageTest&quot;/&gt;
      &lt;class name=&quot;com.ecom.qa.testcases.CompareProductsPageTest&quot;/&gt;
      &lt;class name=&quot;com.ecom.qa.testcases.RegistrationDetailPageTest&quot;/&gt;
      &lt;class name=&quot;com.ecom.qa.testcases.WishlistPageTest&quot;/&gt;
      &lt;class name=&quot;com.ecom.qa.testcases.ShoppingCartPageTest&quot;/&gt;
      &lt;class name=&quot;com.ecom.qa.testcases.BillingInformationPageTest&quot;/&gt;
    &lt;/classes&gt;
  &lt;/test&gt; &lt;!-- ECommerce Test --&gt;
&lt;/suite&gt; &lt;!-- ECommerce Website Test Automation Suite --&gt;
            </pre>
          </div> <!-- main-panel-content rounded-window-bottom -->
        </div> <!-- panel -->
        <div panel-name="testlist-ECommerce_Website_Test_Automation_Suite" class="panel">
          <div class="main-panel-header rounded-window-top">
            <span class="header-content">Tests for ECommerce Website Test Automation Suite</span>
          </div> <!-- main-panel-header rounded-window-top -->
          <div class="main-panel-content rounded-window-bottom">
            <ul>
              <li>
                <span class="test-name">ECommerce Test (7 classes)</span>
              </li>
            </ul>
          </div> <!-- main-panel-content rounded-window-bottom -->
        </div> <!-- panel -->
        <div panel-name="group-ECommerce_Website_Test_Automation_Suite" class="panel">
          <div class="main-panel-header rounded-window-top">
            <span class="header-content">Groups for ECommerce Website Test Automation Suite</span>
          </div> <!-- main-panel-header rounded-window-top -->
          <div class="main-panel-content rounded-window-bottom">
          </div> <!-- main-panel-content rounded-window-bottom -->
        </div> <!-- panel -->
        <div panel-name="times-ECommerce_Website_Test_Automation_Suite" class="panel">
          <div class="main-panel-header rounded-window-top">
            <span class="header-content">Times for ECommerce Website Test Automation Suite</span>
          </div> <!-- main-panel-header rounded-window-top -->
          <div class="main-panel-content rounded-window-bottom">
            <div class="times-div">
              <script type="text/javascript">
suiteTableInitFunctions.push('tableData_ECommerce_Website_Test_Automation_Suite');
function tableData_ECommerce_Website_Test_Automation_Suite() {
var data = new google.visualization.DataTable();
data.addColumn('number', 'Number');
data.addColumn('string', 'Method');
data.addColumn('string', 'Class');
data.addColumn('number', 'Time (ms)');
data.addRows(11);
data.setCell(0, 0, 0)
data.setCell(0, 1, 'validatePopUpMessageTest')
data.setCell(0, 2, 'com.ecom.qa.testcases.CompareProductsPageTest')
data.setCell(0, 3, 50355);
data.setCell(1, 0, 1)
data.setCell(1, 1, 'validatePopUpMessageTest')
data.setCell(1, 2, 'com.ecom.qa.testcases.CompareProductsPageTest')
data.setCell(1, 3, 5349);
data.setCell(2, 0, 2)
data.setCell(2, 1, 'phonePriceTest')
data.setCell(2, 2, 'com.ecom.qa.testcases.MobileHomePageTest')
data.setCell(2, 3, 5329);
data.setCell(3, 0, 3)
data.setCell(3, 1, 'checkMaxItemsCartTest')
data.setCell(3, 2, 'com.ecom.qa.testcases.MobileHomePageTest')
data.setCell(3, 3, 5288);
data.setCell(4, 0, 4)
data.setCell(4, 1, 'wishlistSharedTest')
data.setCell(4, 2, 'com.ecom.qa.testcases.WishlistPageTest')
data.setCell(4, 3, 2928);
data.setCell(5, 0, 5)
data.setCell(5, 1, 'validateMobileNameSortTest')
data.setCell(5, 2, 'com.ecom.qa.testcases.MobileHomePageTest')
data.setCell(5, 3, 1724);
data.setCell(6, 0, 6)
data.setCell(6, 1, 'mobilePageTitleTest')
data.setCell(6, 2, 'com.ecom.qa.testcases.MobileHomePageTest')
data.setCell(6, 3, 47);
data.setCell(7, 0, 7)
data.setCell(7, 1, 'appHomePageTitleTest')
data.setCell(7, 2, 'com.ecom.qa.testcases.ApplicationHomePageTest')
data.setCell(7, 3, 15);
data.setCell(8, 0, 8)
data.setCell(8, 1, 'isOrderNumberGenerated')
data.setCell(8, 2, 'com.ecom.qa.testcases.BillingInformationPageTest')
data.setCell(8, 3, 0);
data.setCell(9, 0, 9)
data.setCell(9, 1, 'isShippingCostGenerated')
data.setCell(9, 2, 'com.ecom.qa.testcases.ShoppingCartPageTest')
data.setCell(9, 3, 0);
data.setCell(10, 0, 10)
data.setCell(10, 1, 'validateGrandTotal')
data.setCell(10, 2, 'com.ecom.qa.testcases.ShoppingCartPageTest')
data.setCell(10, 3, 0);
window.suiteTableData['ECommerce_Website_Test_Automation_Suite']= { tableData: data, tableDiv: 'times-div-ECommerce_Website_Test_Automation_Suite'}
return data;
}
              </script>
              <span class="suite-total-time">Total running time: 1 minutes</span>
              <div id="times-div-ECommerce_Website_Test_Automation_Suite">
              </div> <!-- times-div-ECommerce_Website_Test_Automation_Suite -->
            </div> <!-- times-div -->
          </div> <!-- main-panel-content rounded-window-bottom -->
        </div> <!-- panel -->
        <div panel-name="reporter-ECommerce_Website_Test_Automation_Suite" class="panel">
          <div class="main-panel-header rounded-window-top">
            <span class="header-content">Reporter output for ECommerce Website Test Automation Suite</span>
          </div> <!-- main-panel-header rounded-window-top -->
          <div class="main-panel-content rounded-window-bottom">
          </div> <!-- main-panel-content rounded-window-bottom -->
        </div> <!-- panel -->
        <div panel-name="ignored-methods-ECommerce_Website_Test_Automation_Suite" class="panel">
          <div class="main-panel-header rounded-window-top">
            <span class="header-content">1 ignored method</span>
          </div> <!-- main-panel-header rounded-window-top -->
          <div class="main-panel-content rounded-window-bottom">
            <div class="ignored-class-div">
              <span class="ignored-class-name">com.ecom.qa.testcases.RegistrationDetailPageTest</span>
              <div class="ignored-methods-div">
                <span class="ignored-method-name">userRegistrationTest</span>
                <br/>
              </div> <!-- ignored-methods-div -->
            </div> <!-- ignored-class-div -->
          </div> <!-- main-panel-content rounded-window-bottom -->
        </div> <!-- panel -->
        <div panel-name="chronological-ECommerce_Website_Test_Automation_Suite" class="panel">
          <div class="main-panel-header rounded-window-top">
            <span class="header-content">Methods in chronological order</span>
          </div> <!-- main-panel-header rounded-window-top -->
          <div class="main-panel-content rounded-window-bottom">
            <div class="chronological-class">
              <div class="chronological-class-name">com.ecom.qa.testcases.MobileHomePageTest</div> <!-- chronological-class-name -->
              <div class="configuration-method before">
                <span class="method-name">setUp</span>
                <span class="method-start">0 ms</span>
              </div> <!-- configuration-method before -->
              <div class="test-method">
                <span class="method-name">mobilePageTitleTest</span>
                <span class="method-start">12454 ms</span>
              </div> <!-- test-method -->
              <div class="configuration-method after">
                <span class="method-name">tearDown</span>
                <span class="method-start">12517 ms</span>
              </div> <!-- configuration-method after -->
            </div> <!-- chronological-class -->
            <div class="chronological-class">
              <div class="chronological-class-name">com.ecom.qa.testcases.WishlistPageTest</div> <!-- chronological-class-name -->
              <div class="configuration-method before">
                <span class="method-name">setUp</span>
                <span class="method-start">13282 ms</span>
              </div> <!-- configuration-method before -->
              <div class="test-method">
                <span class="method-name">wishlistSharedTest</span>
                <span class="method-start">29346 ms</span>
              </div> <!-- test-method -->
              <div class="configuration-method after">
                <span class="method-name">tearDown</span>
                <span class="method-start">32277 ms</span>
              </div> <!-- configuration-method after -->
            </div> <!-- chronological-class -->
            <div class="chronological-class">
              <div class="chronological-class-name">com.ecom.qa.testcases.ShoppingCartPageTest</div> <!-- chronological-class-name -->
              <div class="configuration-method before">
                <img src="failed.png">
                </img>
                <span class="method-name">setUp(a27@email.com, a27@email.com)</span>
                <span class="method-start">33178 ms</span>
              </div> <!-- configuration-method before -->
            </div> <!-- chronological-class -->
            <div class="chronological-class">
              <div class="chronological-class-name">com.ecom.qa.testcases.BillingInformationPageTest</div> <!-- chronological-class-name -->
              <div class="configuration-method before">
                <img src="failed.png">
                </img>
                <span class="method-name">setUp(a27@email.com, a27@email.com)</span>
                <span class="method-start">69192 ms</span>
              </div> <!-- configuration-method before -->
            </div> <!-- chronological-class -->
            <div class="chronological-class">
              <div class="chronological-class-name">com.ecom.qa.testcases.ApplicationHomePageTest</div> <!-- chronological-class-name -->
              <div class="configuration-method before">
                <span class="method-name">setUp</span>
                <span class="method-start">104176 ms</span>
              </div> <!-- configuration-method before -->
              <div class="test-method">
                <span class="method-name">appHomePageTitleTest</span>
                <span class="method-start">112695 ms</span>
              </div> <!-- test-method -->
              <div class="configuration-method after">
                <span class="method-name">tearDown</span>
                <span class="method-start">112739 ms</span>
              </div> <!-- configuration-method after -->
            </div> <!-- chronological-class -->
            <div class="chronological-class">
              <div class="chronological-class-name">com.ecom.qa.testcases.CompareProductsPageTest</div> <!-- chronological-class-name -->
              <div class="configuration-method before">
                <span class="method-name">setUp</span>
                <span class="method-start">113568 ms</span>
              </div> <!-- configuration-method before -->
              <div class="test-method">
                <span class="method-name">validatePopUpMessageTest</span>
                <span class="method-start">131251 ms</span>
              </div> <!-- test-method -->
              <div class="configuration-method after">
                <span class="method-name">tearDown</span>
                <span class="method-start">181622 ms</span>
              </div> <!-- configuration-method after -->
              <div class="configuration-method before">
                <span class="method-name">setUp</span>
                <span class="method-start">182470 ms</span>
              </div> <!-- configuration-method before -->
              <div class="test-method">
                <span class="method-name">validatePopUpMessageTest</span>
                <span class="method-start">193069 ms</span>
              </div> <!-- test-method -->
              <div class="configuration-method after">
                <span class="method-name">tearDown</span>
                <span class="method-start">198423 ms</span>
              </div> <!-- configuration-method after -->
            </div> <!-- chronological-class -->
            <div class="chronological-class">
              <div class="chronological-class-name">com.ecom.qa.testcases.MobileHomePageTest</div> <!-- chronological-class-name -->
              <div class="configuration-method before">
                <span class="method-name">setUp</span>
                <span class="method-start">199224 ms</span>
              </div> <!-- configuration-method before -->
              <div class="test-method">
                <span class="method-name">validateMobileNameSortTest</span>
                <span class="method-start">209345 ms</span>
              </div> <!-- test-method -->
              <div class="configuration-method after">
                <span class="method-name">tearDown</span>
                <span class="method-start">211071 ms</span>
              </div> <!-- configuration-method after -->
              <div class="configuration-method before">
                <span class="method-name">setUp</span>
                <span class="method-start">211842 ms</span>
              </div> <!-- configuration-method before -->
              <div class="test-method">
                <span class="method-name">phonePriceTest</span>
                <span class="method-start">229441 ms</span>
              </div> <!-- test-method -->
              <div class="configuration-method after">
                <span class="method-name">tearDown</span>
                <span class="method-start">234770 ms</span>
              </div> <!-- configuration-method after -->
              <div class="configuration-method before">
                <span class="method-name">setUp</span>
                <span class="method-start">235598 ms</span>
              </div> <!-- configuration-method before -->
              <div class="test-method">
                <span class="method-name">checkMaxItemsCartTest</span>
                <span class="method-start">245748 ms</span>
              </div> <!-- test-method -->
              <div class="configuration-method after">
                <span class="method-name">tearDown</span>
                <span class="method-start">251064 ms</span>
              </div> <!-- configuration-method after -->
          </div> <!-- main-panel-content rounded-window-bottom -->
        </div> <!-- panel -->
      </div> <!-- main-panel-root -->
    </div> <!-- wrapper -->
  </body>
</html>
